<?xml version="1.0" encoding="UTF-8"?>
<testng-results skipped="0" failed="0" ignored="0" total="1" passed="1">
  <reporter-output>
  </reporter-output>
  <suite name="Default suite" duration-ms="8047" started-at="2019-05-04T03:55:41Z" finished-at="2019-05-04T03:55:49Z">
    <groups>
    </groups>
    <test name="Default test" duration-ms="8047" started-at="2019-05-04T03:55:41Z" finished-at="2019-05-04T03:55:49Z">
      <class name="com.FacebookFrameworkEclipse.searchtest.ClickFindFriends">
        <test-method status="PASS" signature="init()[pri:0, instance:com.FacebookFrameworkEclipse.searchtest.ClickFindFriends@77caeb3e]" name="init" is-config="true" duration-ms="7752" started-at="2019-05-04T03:55:41Z" finished-at="2019-05-04T03:55:49Z">
          <reporter-output>
          </reporter-output>
        </test-method> <!-- init -->
        <test-method status="PASS" signature="VerifyClickFindFriends()[pri:0, instance:com.FacebookFrameworkEclipse.searchtest.ClickFindFriends@77caeb3e]" name="VerifyClickFindFriends" duration-ms="261" started-at="2019-05-04T03:55:49Z" finished-at="2019-05-04T03:55:49Z">
          <reporter-output>
          </reporter-output>
        </test-method> <!-- VerifyClickFindFriends -->
      </class> <!-- com.FacebookFrameworkEclipse.searchtest.ClickFindFriends -->
    </test> <!-- Default test -->
  </suite> <!-- Default suite -->
</testng-results>
